ARM GAS  /tmp/ccNduVLJ.s 			page 1


   1              		.cpu cortex-m4
   2              		.arch armv7e-m
   3              		.fpu fpv4-sp-d16
   4              		.eabi_attribute 27, 1
   5              		.eabi_attribute 28, 1
   6              		.eabi_attribute 20, 1
   7              		.eabi_attribute 21, 1
   8              		.eabi_attribute 23, 3
   9              		.eabi_attribute 24, 1
  10              		.eabi_attribute 25, 1
  11              		.eabi_attribute 26, 1
  12              		.eabi_attribute 30, 1
  13              		.eabi_attribute 34, 1
  14              		.eabi_attribute 18, 4
  15              		.file	"joystick.c"
  16              		.text
  17              	.Ltext0:
  18              		.cfi_sections	.debug_frame
  19              		.section	.text.joystick_init,"ax",%progbits
  20              		.align	1
  21              		.global	joystick_init
  22              		.syntax unified
  23              		.thumb
  24              		.thumb_func
  26              	joystick_init:
  27              	.LVL0:
  28              	.LFB0:
  29              		.file 1 "Core/Src/joystick.c"
   1:Core/Src/joystick.c **** /*
   2:Core/Src/joystick.c ****  * joystick.c
   3:Core/Src/joystick.c ****  *
   4:Core/Src/joystick.c ****  *  Created on: 23. feb. 2022
   5:Core/Src/joystick.c ****  *      Author: marko
   6:Core/Src/joystick.c ****  */
   7:Core/Src/joystick.c **** #include "joystick.h"
   8:Core/Src/joystick.c **** 
   9:Core/Src/joystick.c **** void joystick_init(joystick_t *joystick)
  10:Core/Src/joystick.c **** {
  30              		.loc 1 10 1 view -0
  31              		.cfi_startproc
  32              		@ args = 0, pretend = 0, frame = 0
  33              		@ frame_needed = 0, uses_anonymous_args = 0
  34              		@ link register save eliminated.
  11:Core/Src/joystick.c **** 	joystick->raw_min.x = 780;
  35              		.loc 1 11 2 view .LVU1
  36              		.loc 1 11 22 is_stmt 0 view .LVU2
  37 0000 4FF44372 		mov	r2, #780
  38 0004 0260     		str	r2, [r0]
  12:Core/Src/joystick.c **** 	joystick->raw_max.x = 3330;
  39              		.loc 1 12 2 is_stmt 1 view .LVU3
  40              		.loc 1 12 22 is_stmt 0 view .LVU4
  41 0006 40F60253 		movw	r3, #3330
  42 000a 8360     		str	r3, [r0, #8]
  13:Core/Src/joystick.c **** 	joystick->raw_min.y = 780;
  43              		.loc 1 13 2 is_stmt 1 view .LVU5
  44              		.loc 1 13 22 is_stmt 0 view .LVU6
  45 000c 4260     		str	r2, [r0, #4]
ARM GAS  /tmp/ccNduVLJ.s 			page 2


  14:Core/Src/joystick.c **** 	joystick->raw_max.y = 3330;
  46              		.loc 1 14 2 is_stmt 1 view .LVU7
  47              		.loc 1 14 22 is_stmt 0 view .LVU8
  48 000e C360     		str	r3, [r0, #12]
  15:Core/Src/joystick.c **** 	joystick->out_max.x = 90;
  49              		.loc 1 15 2 is_stmt 1 view .LVU9
  50              		.loc 1 15 22 is_stmt 0 view .LVU10
  51 0010 5A23     		movs	r3, #90
  52 0012 0361     		str	r3, [r0, #16]
  16:Core/Src/joystick.c **** 	joystick->out_max.y = 90;
  53              		.loc 1 16 2 is_stmt 1 view .LVU11
  54              		.loc 1 16 22 is_stmt 0 view .LVU12
  55 0014 4361     		str	r3, [r0, #20]
  17:Core/Src/joystick.c **** 
  18:Core/Src/joystick.c **** 
  19:Core/Src/joystick.c **** 	joystick->x_k = (float) joystick->out_max.x / (joystick->raw_max.x - joystick->raw_min.x);
  56              		.loc 1 19 2 is_stmt 1 view .LVU13
  57              		.loc 1 19 16 is_stmt 0 view .LVU14
  58 0016 044B     		ldr	r3, .L2
  59 0018 8361     		str	r3, [r0, #24]	@ float
  20:Core/Src/joystick.c **** 	joystick->y_k = (float) joystick->out_max.y / (joystick->raw_max.y - joystick->raw_min.y);
  60              		.loc 1 20 2 is_stmt 1 view .LVU15
  61              		.loc 1 20 16 is_stmt 0 view .LVU16
  62 001a C361     		str	r3, [r0, #28]	@ float
  21:Core/Src/joystick.c **** 	joystick->n.x = (joystick->raw_max.x+joystick->raw_min.x)/2;
  63              		.loc 1 21 2 is_stmt 1 view .LVU17
  64              		.loc 1 21 16 is_stmt 0 view .LVU18
  65 001c 40F60703 		movw	r3, #2055
  66 0020 0362     		str	r3, [r0, #32]
  22:Core/Src/joystick.c **** 	joystick->n.y = (joystick->raw_max.y+joystick->raw_min.y)/2;
  67              		.loc 1 22 2 is_stmt 1 view .LVU19
  68              		.loc 1 22 16 is_stmt 0 view .LVU20
  69 0022 4362     		str	r3, [r0, #36]
  23:Core/Src/joystick.c **** 
  24:Core/Src/joystick.c **** }
  70              		.loc 1 24 1 view .LVU21
  71 0024 7047     		bx	lr
  72              	.L3:
  73 0026 00BF     		.align	2
  74              	.L2:
  75 0028 9190103D 		.word	1024495761
  76              		.cfi_endproc
  77              	.LFE0:
  79              		.section	.text.joystick_get,"ax",%progbits
  80              		.align	1
  81              		.global	joystick_get
  82              		.syntax unified
  83              		.thumb
  84              		.thumb_func
  86              	joystick_get:
  87              	.LVL1:
  88              	.LFB1:
  25:Core/Src/joystick.c **** 
  26:Core/Src/joystick.c **** void joystick_get(coord_t *raw, coord_t *out, joystick_t *joystick)
  27:Core/Src/joystick.c **** {
  89              		.loc 1 27 1 is_stmt 1 view -0
  90              		.cfi_startproc
ARM GAS  /tmp/ccNduVLJ.s 			page 3


  91              		@ args = 0, pretend = 0, frame = 0
  92              		@ frame_needed = 0, uses_anonymous_args = 0
  93              		@ link register save eliminated.
  94              		.loc 1 27 1 is_stmt 0 view .LVU23
  95 0000 10B4     		push	{r4}
  96              	.LCFI0:
  97              		.cfi_def_cfa_offset 4
  98              		.cfi_offset 4, -4
  28:Core/Src/joystick.c **** 	out->x = joystick->x_k*(raw->x-joystick->n.x);
  99              		.loc 1 28 2 is_stmt 1 view .LVU24
 100              		.loc 1 28 19 is_stmt 0 view .LVU25
 101 0002 92ED067A 		vldr.32	s14, [r2, #24]
 102              		.loc 1 28 29 view .LVU26
 103 0006 0368     		ldr	r3, [r0]
 104              		.loc 1 28 32 view .LVU27
 105 0008 146A     		ldr	r4, [r2, #32]
 106 000a 1B1B     		subs	r3, r3, r4
 107 000c 07EE903A 		vmov	s15, r3	@ int
 108              		.loc 1 28 24 view .LVU28
 109 0010 F8EEE77A 		vcvt.f32.s32	s15, s15
 110 0014 67EE877A 		vmul.f32	s15, s15, s14
 111              		.loc 1 28 9 view .LVU29
 112 0018 FDEEE77A 		vcvt.s32.f32	s15, s15
 113 001c C1ED007A 		vstr.32	s15, [r1]	@ int
  29:Core/Src/joystick.c **** 	out->y = -joystick->y_k*(raw->y-joystick->n.y);
 114              		.loc 1 29 2 is_stmt 1 view .LVU30
 115              		.loc 1 29 20 is_stmt 0 view .LVU31
 116 0020 92ED077A 		vldr.32	s14, [r2, #28]
 117              		.loc 1 29 30 view .LVU32
 118 0024 4368     		ldr	r3, [r0, #4]
 119              		.loc 1 29 45 view .LVU33
 120 0026 526A     		ldr	r2, [r2, #36]
 121              	.LVL2:
 122              		.loc 1 29 33 view .LVU34
 123 0028 9B1A     		subs	r3, r3, r2
 124 002a 07EE903A 		vmov	s15, r3	@ int
 125              		.loc 1 29 25 view .LVU35
 126 002e F8EEE77A 		vcvt.f32.s32	s15, s15
 127 0032 67EE677A 		vnmul.f32	s15, s14, s15
 128              		.loc 1 29 9 view .LVU36
 129 0036 FDEEE77A 		vcvt.s32.f32	s15, s15
 130 003a C1ED017A 		vstr.32	s15, [r1, #4]	@ int
  30:Core/Src/joystick.c **** }
 131              		.loc 1 30 1 view .LVU37
 132 003e 5DF8044B 		ldr	r4, [sp], #4
 133              	.LCFI1:
 134              		.cfi_restore 4
 135              		.cfi_def_cfa_offset 0
 136 0042 7047     		bx	lr
 137              		.cfi_endproc
 138              	.LFE1:
 140              		.text
 141              	.Letext0:
 142              		.file 2 "Core/Inc/joystick.h"
ARM GAS  /tmp/ccNduVLJ.s 			page 4


DEFINED SYMBOLS
                            *ABS*:0000000000000000 joystick.c
     /tmp/ccNduVLJ.s:20     .text.joystick_init:0000000000000000 $t
     /tmp/ccNduVLJ.s:26     .text.joystick_init:0000000000000000 joystick_init
     /tmp/ccNduVLJ.s:75     .text.joystick_init:0000000000000028 $d
     /tmp/ccNduVLJ.s:80     .text.joystick_get:0000000000000000 $t
     /tmp/ccNduVLJ.s:86     .text.joystick_get:0000000000000000 joystick_get

NO UNDEFINED SYMBOLS
