ARM GAS  /tmp/ccL3COEP.s 			page 1


   1              		.cpu cortex-m4
   2              		.arch armv7e-m
   3              		.fpu fpv4-sp-d16
   4              		.eabi_attribute 27, 1
   5              		.eabi_attribute 28, 1
   6              		.eabi_attribute 20, 1
   7              		.eabi_attribute 21, 1
   8              		.eabi_attribute 23, 3
   9              		.eabi_attribute 24, 1
  10              		.eabi_attribute 25, 1
  11              		.eabi_attribute 26, 1
  12              		.eabi_attribute 30, 1
  13              		.eabi_attribute 34, 1
  14              		.eabi_attribute 18, 4
  15              		.file	"usbd_cdc_if.c"
  16              		.text
  17              	.Ltext0:
  18              		.cfi_sections	.debug_frame
  19              		.section	.text.CDC_DeInit_FS,"ax",%progbits
  20              		.align	1
  21              		.syntax unified
  22              		.thumb
  23              		.thumb_func
  25              	CDC_DeInit_FS:
  26              	.LFB334:
  27              		.file 1 "USB_Device/App/usbd_cdc_if.c"
   1:USB_Device/App/usbd_cdc_if.c **** /* USER CODE BEGIN Header */
   2:USB_Device/App/usbd_cdc_if.c **** /**
   3:USB_Device/App/usbd_cdc_if.c ****   ******************************************************************************
   4:USB_Device/App/usbd_cdc_if.c ****   * @file           : usbd_cdc_if.c
   5:USB_Device/App/usbd_cdc_if.c ****   * @version        : v3.0_Cube
   6:USB_Device/App/usbd_cdc_if.c ****   * @brief          : Usb device for Virtual Com Port.
   7:USB_Device/App/usbd_cdc_if.c ****   ******************************************************************************
   8:USB_Device/App/usbd_cdc_if.c ****   * @attention
   9:USB_Device/App/usbd_cdc_if.c ****   *
  10:USB_Device/App/usbd_cdc_if.c ****   * <h2><center>&copy; Copyright (c) 2021 STMicroelectronics.
  11:USB_Device/App/usbd_cdc_if.c ****   * All rights reserved.</center></h2>
  12:USB_Device/App/usbd_cdc_if.c ****   *
  13:USB_Device/App/usbd_cdc_if.c ****   * This software component is licensed by ST under Ultimate Liberty license
  14:USB_Device/App/usbd_cdc_if.c ****   * SLA0044, the "License"; You may not use this file except in compliance with
  15:USB_Device/App/usbd_cdc_if.c ****   * the License. You may obtain a copy of the License at:
  16:USB_Device/App/usbd_cdc_if.c ****   *                             www.st.com/SLA0044
  17:USB_Device/App/usbd_cdc_if.c ****   *
  18:USB_Device/App/usbd_cdc_if.c ****   ******************************************************************************
  19:USB_Device/App/usbd_cdc_if.c ****   */
  20:USB_Device/App/usbd_cdc_if.c **** /* USER CODE END Header */
  21:USB_Device/App/usbd_cdc_if.c **** 
  22:USB_Device/App/usbd_cdc_if.c **** /* Includes ------------------------------------------------------------------*/
  23:USB_Device/App/usbd_cdc_if.c **** #include "usbd_cdc_if.h"
  24:USB_Device/App/usbd_cdc_if.c **** 
  25:USB_Device/App/usbd_cdc_if.c **** /* USER CODE BEGIN INCLUDE */
  26:USB_Device/App/usbd_cdc_if.c **** 
  27:USB_Device/App/usbd_cdc_if.c **** /* USER CODE END INCLUDE */
  28:USB_Device/App/usbd_cdc_if.c **** 
  29:USB_Device/App/usbd_cdc_if.c **** /* Private typedef -----------------------------------------------------------*/
  30:USB_Device/App/usbd_cdc_if.c **** /* Private define ------------------------------------------------------------*/
  31:USB_Device/App/usbd_cdc_if.c **** /* Private macro -------------------------------------------------------------*/
ARM GAS  /tmp/ccL3COEP.s 			page 2


  32:USB_Device/App/usbd_cdc_if.c **** 
  33:USB_Device/App/usbd_cdc_if.c **** /* USER CODE BEGIN PV */
  34:USB_Device/App/usbd_cdc_if.c **** /* Private variables ---------------------------------------------------------*/
  35:USB_Device/App/usbd_cdc_if.c **** 
  36:USB_Device/App/usbd_cdc_if.c **** /* USER CODE END PV */
  37:USB_Device/App/usbd_cdc_if.c **** 
  38:USB_Device/App/usbd_cdc_if.c **** /** @addtogroup STM32_USB_OTG_DEVICE_LIBRARY
  39:USB_Device/App/usbd_cdc_if.c ****   * @brief Usb device library.
  40:USB_Device/App/usbd_cdc_if.c ****   * @{
  41:USB_Device/App/usbd_cdc_if.c ****   */
  42:USB_Device/App/usbd_cdc_if.c **** 
  43:USB_Device/App/usbd_cdc_if.c **** /** @addtogroup USBD_CDC_IF
  44:USB_Device/App/usbd_cdc_if.c ****   * @{
  45:USB_Device/App/usbd_cdc_if.c ****   */
  46:USB_Device/App/usbd_cdc_if.c **** 
  47:USB_Device/App/usbd_cdc_if.c **** /** @defgroup USBD_CDC_IF_Private_TypesDefinitions USBD_CDC_IF_Private_TypesDefinitions
  48:USB_Device/App/usbd_cdc_if.c ****   * @brief Private types.
  49:USB_Device/App/usbd_cdc_if.c ****   * @{
  50:USB_Device/App/usbd_cdc_if.c ****   */
  51:USB_Device/App/usbd_cdc_if.c **** 
  52:USB_Device/App/usbd_cdc_if.c **** /* USER CODE BEGIN PRIVATE_TYPES */
  53:USB_Device/App/usbd_cdc_if.c **** 
  54:USB_Device/App/usbd_cdc_if.c **** /* USER CODE END PRIVATE_TYPES */
  55:USB_Device/App/usbd_cdc_if.c **** 
  56:USB_Device/App/usbd_cdc_if.c **** /**
  57:USB_Device/App/usbd_cdc_if.c ****   * @}
  58:USB_Device/App/usbd_cdc_if.c ****   */
  59:USB_Device/App/usbd_cdc_if.c **** 
  60:USB_Device/App/usbd_cdc_if.c **** /** @defgroup USBD_CDC_IF_Private_Defines USBD_CDC_IF_Private_Defines
  61:USB_Device/App/usbd_cdc_if.c ****   * @brief Private defines.
  62:USB_Device/App/usbd_cdc_if.c ****   * @{
  63:USB_Device/App/usbd_cdc_if.c ****   */
  64:USB_Device/App/usbd_cdc_if.c **** 
  65:USB_Device/App/usbd_cdc_if.c **** /* USER CODE BEGIN PRIVATE_DEFINES */
  66:USB_Device/App/usbd_cdc_if.c **** /* USER CODE END PRIVATE_DEFINES */
  67:USB_Device/App/usbd_cdc_if.c **** 
  68:USB_Device/App/usbd_cdc_if.c **** /**
  69:USB_Device/App/usbd_cdc_if.c ****   * @}
  70:USB_Device/App/usbd_cdc_if.c ****   */
  71:USB_Device/App/usbd_cdc_if.c **** 
  72:USB_Device/App/usbd_cdc_if.c **** /** @defgroup USBD_CDC_IF_Private_Macros USBD_CDC_IF_Private_Macros
  73:USB_Device/App/usbd_cdc_if.c ****   * @brief Private macros.
  74:USB_Device/App/usbd_cdc_if.c ****   * @{
  75:USB_Device/App/usbd_cdc_if.c ****   */
  76:USB_Device/App/usbd_cdc_if.c **** 
  77:USB_Device/App/usbd_cdc_if.c **** /* USER CODE BEGIN PRIVATE_MACRO */
  78:USB_Device/App/usbd_cdc_if.c **** 
  79:USB_Device/App/usbd_cdc_if.c **** /* USER CODE END PRIVATE_MACRO */
  80:USB_Device/App/usbd_cdc_if.c **** 
  81:USB_Device/App/usbd_cdc_if.c **** /**
  82:USB_Device/App/usbd_cdc_if.c ****   * @}
  83:USB_Device/App/usbd_cdc_if.c ****   */
  84:USB_Device/App/usbd_cdc_if.c **** 
  85:USB_Device/App/usbd_cdc_if.c **** /** @defgroup USBD_CDC_IF_Private_Variables USBD_CDC_IF_Private_Variables
  86:USB_Device/App/usbd_cdc_if.c ****   * @brief Private variables.
  87:USB_Device/App/usbd_cdc_if.c ****   * @{
  88:USB_Device/App/usbd_cdc_if.c ****   */
ARM GAS  /tmp/ccL3COEP.s 			page 3


  89:USB_Device/App/usbd_cdc_if.c **** /* Create buffer for reception and transmission           */
  90:USB_Device/App/usbd_cdc_if.c **** /* It's up to user to redefine and/or remove those define */
  91:USB_Device/App/usbd_cdc_if.c **** /** Received data over USB are stored in this buffer      */
  92:USB_Device/App/usbd_cdc_if.c **** uint8_t UserRxBufferFS[APP_RX_DATA_SIZE];
  93:USB_Device/App/usbd_cdc_if.c **** 
  94:USB_Device/App/usbd_cdc_if.c **** /** Data to send over USB CDC are stored in this buffer   */
  95:USB_Device/App/usbd_cdc_if.c **** uint8_t UserTxBufferFS[APP_TX_DATA_SIZE];
  96:USB_Device/App/usbd_cdc_if.c **** 
  97:USB_Device/App/usbd_cdc_if.c **** /* USER CODE BEGIN PRIVATE_VARIABLES */
  98:USB_Device/App/usbd_cdc_if.c **** 
  99:USB_Device/App/usbd_cdc_if.c **** /* USER CODE END PRIVATE_VARIABLES */
 100:USB_Device/App/usbd_cdc_if.c **** 
 101:USB_Device/App/usbd_cdc_if.c **** /**
 102:USB_Device/App/usbd_cdc_if.c ****   * @}
 103:USB_Device/App/usbd_cdc_if.c ****   */
 104:USB_Device/App/usbd_cdc_if.c **** 
 105:USB_Device/App/usbd_cdc_if.c **** /** @defgroup USBD_CDC_IF_Exported_Variables USBD_CDC_IF_Exported_Variables
 106:USB_Device/App/usbd_cdc_if.c ****   * @brief Public variables.
 107:USB_Device/App/usbd_cdc_if.c ****   * @{
 108:USB_Device/App/usbd_cdc_if.c ****   */
 109:USB_Device/App/usbd_cdc_if.c **** 
 110:USB_Device/App/usbd_cdc_if.c **** extern USBD_HandleTypeDef hUsbDeviceFS;
 111:USB_Device/App/usbd_cdc_if.c **** 
 112:USB_Device/App/usbd_cdc_if.c **** /* USER CODE BEGIN EXPORTED_VARIABLES */
 113:USB_Device/App/usbd_cdc_if.c **** 
 114:USB_Device/App/usbd_cdc_if.c **** /* USER CODE END EXPORTED_VARIABLES */
 115:USB_Device/App/usbd_cdc_if.c **** 
 116:USB_Device/App/usbd_cdc_if.c **** /**
 117:USB_Device/App/usbd_cdc_if.c ****   * @}
 118:USB_Device/App/usbd_cdc_if.c ****   */
 119:USB_Device/App/usbd_cdc_if.c **** 
 120:USB_Device/App/usbd_cdc_if.c **** /** @defgroup USBD_CDC_IF_Private_FunctionPrototypes USBD_CDC_IF_Private_FunctionPrototypes
 121:USB_Device/App/usbd_cdc_if.c ****   * @brief Private functions declaration.
 122:USB_Device/App/usbd_cdc_if.c ****   * @{
 123:USB_Device/App/usbd_cdc_if.c ****   */
 124:USB_Device/App/usbd_cdc_if.c **** 
 125:USB_Device/App/usbd_cdc_if.c **** static int8_t CDC_Init_FS(void);
 126:USB_Device/App/usbd_cdc_if.c **** static int8_t CDC_DeInit_FS(void);
 127:USB_Device/App/usbd_cdc_if.c **** static int8_t CDC_Control_FS(uint8_t cmd, uint8_t* pbuf, uint16_t length);
 128:USB_Device/App/usbd_cdc_if.c **** static int8_t CDC_Receive_FS(uint8_t* pbuf, uint32_t *Len);
 129:USB_Device/App/usbd_cdc_if.c **** static int8_t CDC_TransmitCplt_FS(uint8_t *pbuf, uint32_t *Len, uint8_t epnum);
 130:USB_Device/App/usbd_cdc_if.c **** 
 131:USB_Device/App/usbd_cdc_if.c **** /* USER CODE BEGIN PRIVATE_FUNCTIONS_DECLARATION */
 132:USB_Device/App/usbd_cdc_if.c **** 
 133:USB_Device/App/usbd_cdc_if.c **** /* USER CODE END PRIVATE_FUNCTIONS_DECLARATION */
 134:USB_Device/App/usbd_cdc_if.c **** 
 135:USB_Device/App/usbd_cdc_if.c **** /**
 136:USB_Device/App/usbd_cdc_if.c ****   * @}
 137:USB_Device/App/usbd_cdc_if.c ****   */
 138:USB_Device/App/usbd_cdc_if.c **** 
 139:USB_Device/App/usbd_cdc_if.c **** USBD_CDC_ItfTypeDef USBD_Interface_fops_FS =
 140:USB_Device/App/usbd_cdc_if.c **** {
 141:USB_Device/App/usbd_cdc_if.c ****   CDC_Init_FS,
 142:USB_Device/App/usbd_cdc_if.c ****   CDC_DeInit_FS,
 143:USB_Device/App/usbd_cdc_if.c ****   CDC_Control_FS,
 144:USB_Device/App/usbd_cdc_if.c ****   CDC_Receive_FS,
 145:USB_Device/App/usbd_cdc_if.c ****   CDC_TransmitCplt_FS
ARM GAS  /tmp/ccL3COEP.s 			page 4


 146:USB_Device/App/usbd_cdc_if.c **** };
 147:USB_Device/App/usbd_cdc_if.c **** 
 148:USB_Device/App/usbd_cdc_if.c **** /* Private functions ---------------------------------------------------------*/
 149:USB_Device/App/usbd_cdc_if.c **** /**
 150:USB_Device/App/usbd_cdc_if.c ****   * @brief  Initializes the CDC media low layer over the FS USB IP
 151:USB_Device/App/usbd_cdc_if.c ****   * @retval USBD_OK if all operations are OK else USBD_FAIL
 152:USB_Device/App/usbd_cdc_if.c ****   */
 153:USB_Device/App/usbd_cdc_if.c **** static int8_t CDC_Init_FS(void)
 154:USB_Device/App/usbd_cdc_if.c **** {
 155:USB_Device/App/usbd_cdc_if.c ****   /* USER CODE BEGIN 3 */
 156:USB_Device/App/usbd_cdc_if.c ****   /* Set Application Buffers */
 157:USB_Device/App/usbd_cdc_if.c ****   USBD_CDC_SetTxBuffer(&hUsbDeviceFS, UserTxBufferFS, 0);
 158:USB_Device/App/usbd_cdc_if.c ****   USBD_CDC_SetRxBuffer(&hUsbDeviceFS, UserRxBufferFS);
 159:USB_Device/App/usbd_cdc_if.c ****   return (USBD_OK);
 160:USB_Device/App/usbd_cdc_if.c ****   /* USER CODE END 3 */
 161:USB_Device/App/usbd_cdc_if.c **** }
 162:USB_Device/App/usbd_cdc_if.c **** 
 163:USB_Device/App/usbd_cdc_if.c **** /**
 164:USB_Device/App/usbd_cdc_if.c ****   * @brief  DeInitializes the CDC media low layer
 165:USB_Device/App/usbd_cdc_if.c ****   * @retval USBD_OK if all operations are OK else USBD_FAIL
 166:USB_Device/App/usbd_cdc_if.c ****   */
 167:USB_Device/App/usbd_cdc_if.c **** static int8_t CDC_DeInit_FS(void)
 168:USB_Device/App/usbd_cdc_if.c **** {
  28              		.loc 1 168 1 view -0
  29              		.cfi_startproc
  30              		@ args = 0, pretend = 0, frame = 0
  31              		@ frame_needed = 0, uses_anonymous_args = 0
  32              		@ link register save eliminated.
 169:USB_Device/App/usbd_cdc_if.c ****   /* USER CODE BEGIN 4 */
 170:USB_Device/App/usbd_cdc_if.c ****   return (USBD_OK);
  33              		.loc 1 170 3 view .LVU1
 171:USB_Device/App/usbd_cdc_if.c ****   /* USER CODE END 4 */
 172:USB_Device/App/usbd_cdc_if.c **** }
  34              		.loc 1 172 1 is_stmt 0 view .LVU2
  35 0000 0020     		movs	r0, #0
  36 0002 7047     		bx	lr
  37              		.cfi_endproc
  38              	.LFE334:
  40              		.section	.text.CDC_Control_FS,"ax",%progbits
  41              		.align	1
  42              		.syntax unified
  43              		.thumb
  44              		.thumb_func
  46              	CDC_Control_FS:
  47              	.LVL0:
  48              	.LFB335:
 173:USB_Device/App/usbd_cdc_if.c **** 
 174:USB_Device/App/usbd_cdc_if.c **** /**
 175:USB_Device/App/usbd_cdc_if.c ****   * @brief  Manage the CDC class requests
 176:USB_Device/App/usbd_cdc_if.c ****   * @param  cmd: Command code
 177:USB_Device/App/usbd_cdc_if.c ****   * @param  pbuf: Buffer containing command data (request parameters)
 178:USB_Device/App/usbd_cdc_if.c ****   * @param  length: Number of data to be sent (in bytes)
 179:USB_Device/App/usbd_cdc_if.c ****   * @retval Result of the operation: USBD_OK if all operations are OK else USBD_FAIL
 180:USB_Device/App/usbd_cdc_if.c ****   */
 181:USB_Device/App/usbd_cdc_if.c **** static int8_t CDC_Control_FS(uint8_t cmd, uint8_t* pbuf, uint16_t length)
 182:USB_Device/App/usbd_cdc_if.c **** {
  49              		.loc 1 182 1 is_stmt 1 view -0
ARM GAS  /tmp/ccL3COEP.s 			page 5


  50              		.cfi_startproc
  51              		@ args = 0, pretend = 0, frame = 0
  52              		@ frame_needed = 0, uses_anonymous_args = 0
  53              		@ link register save eliminated.
 183:USB_Device/App/usbd_cdc_if.c ****   /* USER CODE BEGIN 5 */
 184:USB_Device/App/usbd_cdc_if.c ****   switch(cmd)
  54              		.loc 1 184 3 view .LVU4
 185:USB_Device/App/usbd_cdc_if.c ****   {
 186:USB_Device/App/usbd_cdc_if.c ****     case CDC_SEND_ENCAPSULATED_COMMAND:
 187:USB_Device/App/usbd_cdc_if.c **** 
 188:USB_Device/App/usbd_cdc_if.c ****     break;
 189:USB_Device/App/usbd_cdc_if.c **** 
 190:USB_Device/App/usbd_cdc_if.c ****     case CDC_GET_ENCAPSULATED_RESPONSE:
 191:USB_Device/App/usbd_cdc_if.c **** 
 192:USB_Device/App/usbd_cdc_if.c ****     break;
 193:USB_Device/App/usbd_cdc_if.c **** 
 194:USB_Device/App/usbd_cdc_if.c ****     case CDC_SET_COMM_FEATURE:
 195:USB_Device/App/usbd_cdc_if.c **** 
 196:USB_Device/App/usbd_cdc_if.c ****     break;
 197:USB_Device/App/usbd_cdc_if.c **** 
 198:USB_Device/App/usbd_cdc_if.c ****     case CDC_GET_COMM_FEATURE:
 199:USB_Device/App/usbd_cdc_if.c **** 
 200:USB_Device/App/usbd_cdc_if.c ****     break;
 201:USB_Device/App/usbd_cdc_if.c **** 
 202:USB_Device/App/usbd_cdc_if.c ****     case CDC_CLEAR_COMM_FEATURE:
 203:USB_Device/App/usbd_cdc_if.c **** 
 204:USB_Device/App/usbd_cdc_if.c ****     break;
 205:USB_Device/App/usbd_cdc_if.c **** 
 206:USB_Device/App/usbd_cdc_if.c ****   /*******************************************************************************/
 207:USB_Device/App/usbd_cdc_if.c ****   /* Line Coding Structure                                                       */
 208:USB_Device/App/usbd_cdc_if.c ****   /*-----------------------------------------------------------------------------*/
 209:USB_Device/App/usbd_cdc_if.c ****   /* Offset | Field       | Size | Value  | Description                          */
 210:USB_Device/App/usbd_cdc_if.c ****   /* 0      | dwDTERate   |   4  | Number |Data terminal rate, in bits per second*/
 211:USB_Device/App/usbd_cdc_if.c ****   /* 4      | bCharFormat |   1  | Number | Stop bits                            */
 212:USB_Device/App/usbd_cdc_if.c ****   /*                                        0 - 1 Stop bit                       */
 213:USB_Device/App/usbd_cdc_if.c ****   /*                                        1 - 1.5 Stop bits                    */
 214:USB_Device/App/usbd_cdc_if.c ****   /*                                        2 - 2 Stop bits                      */
 215:USB_Device/App/usbd_cdc_if.c ****   /* 5      | bParityType |  1   | Number | Parity                               */
 216:USB_Device/App/usbd_cdc_if.c ****   /*                                        0 - None                             */
 217:USB_Device/App/usbd_cdc_if.c ****   /*                                        1 - Odd                              */
 218:USB_Device/App/usbd_cdc_if.c ****   /*                                        2 - Even                             */
 219:USB_Device/App/usbd_cdc_if.c ****   /*                                        3 - Mark                             */
 220:USB_Device/App/usbd_cdc_if.c ****   /*                                        4 - Space                            */
 221:USB_Device/App/usbd_cdc_if.c ****   /* 6      | bDataBits  |   1   | Number Data bits (5, 6, 7, 8 or 16).          */
 222:USB_Device/App/usbd_cdc_if.c ****   /*******************************************************************************/
 223:USB_Device/App/usbd_cdc_if.c ****     case CDC_SET_LINE_CODING:
 224:USB_Device/App/usbd_cdc_if.c **** 
 225:USB_Device/App/usbd_cdc_if.c ****     break;
 226:USB_Device/App/usbd_cdc_if.c **** 
 227:USB_Device/App/usbd_cdc_if.c ****     case CDC_GET_LINE_CODING:
 228:USB_Device/App/usbd_cdc_if.c **** 
 229:USB_Device/App/usbd_cdc_if.c ****     break;
 230:USB_Device/App/usbd_cdc_if.c **** 
 231:USB_Device/App/usbd_cdc_if.c ****     case CDC_SET_CONTROL_LINE_STATE:
 232:USB_Device/App/usbd_cdc_if.c **** 
 233:USB_Device/App/usbd_cdc_if.c ****     break;
 234:USB_Device/App/usbd_cdc_if.c **** 
ARM GAS  /tmp/ccL3COEP.s 			page 6


 235:USB_Device/App/usbd_cdc_if.c ****     case CDC_SEND_BREAK:
 236:USB_Device/App/usbd_cdc_if.c **** 
 237:USB_Device/App/usbd_cdc_if.c ****     break;
 238:USB_Device/App/usbd_cdc_if.c **** 
 239:USB_Device/App/usbd_cdc_if.c ****   default:
 240:USB_Device/App/usbd_cdc_if.c ****     break;
 241:USB_Device/App/usbd_cdc_if.c ****   }
 242:USB_Device/App/usbd_cdc_if.c **** 
 243:USB_Device/App/usbd_cdc_if.c ****   return (USBD_OK);
  55              		.loc 1 243 3 view .LVU5
 244:USB_Device/App/usbd_cdc_if.c ****   /* USER CODE END 5 */
 245:USB_Device/App/usbd_cdc_if.c **** }
  56              		.loc 1 245 1 is_stmt 0 view .LVU6
  57 0000 0020     		movs	r0, #0
  58              	.LVL1:
  59              		.loc 1 245 1 view .LVU7
  60 0002 7047     		bx	lr
  61              		.cfi_endproc
  62              	.LFE335:
  64              		.section	.text.CDC_TransmitCplt_FS,"ax",%progbits
  65              		.align	1
  66              		.syntax unified
  67              		.thumb
  68              		.thumb_func
  70              	CDC_TransmitCplt_FS:
  71              	.LVL2:
  72              	.LFB338:
 246:USB_Device/App/usbd_cdc_if.c **** 
 247:USB_Device/App/usbd_cdc_if.c **** /**
 248:USB_Device/App/usbd_cdc_if.c ****   * @brief  Data received over USB OUT endpoint are sent over CDC interface
 249:USB_Device/App/usbd_cdc_if.c ****   *         through this function.
 250:USB_Device/App/usbd_cdc_if.c ****   *
 251:USB_Device/App/usbd_cdc_if.c ****   *         @note
 252:USB_Device/App/usbd_cdc_if.c ****   *         This function will issue a NAK packet on any OUT packet received on
 253:USB_Device/App/usbd_cdc_if.c ****   *         USB endpoint until exiting this function. If you exit this function
 254:USB_Device/App/usbd_cdc_if.c ****   *         before transfer is complete on CDC interface (ie. using DMA controller)
 255:USB_Device/App/usbd_cdc_if.c ****   *         it will result in receiving more data while previous ones are still
 256:USB_Device/App/usbd_cdc_if.c ****   *         not sent.
 257:USB_Device/App/usbd_cdc_if.c ****   *
 258:USB_Device/App/usbd_cdc_if.c ****   * @param  Buf: Buffer of data to be received
 259:USB_Device/App/usbd_cdc_if.c ****   * @param  Len: Number of data received (in bytes)
 260:USB_Device/App/usbd_cdc_if.c ****   * @retval Result of the operation: USBD_OK if all operations are OK else USBD_FAIL
 261:USB_Device/App/usbd_cdc_if.c ****   */
 262:USB_Device/App/usbd_cdc_if.c **** static int8_t CDC_Receive_FS(uint8_t* Buf, uint32_t *Len)
 263:USB_Device/App/usbd_cdc_if.c **** {
 264:USB_Device/App/usbd_cdc_if.c ****   /* USER CODE BEGIN 6 */
 265:USB_Device/App/usbd_cdc_if.c ****   USBD_CDC_SetRxBuffer(&hUsbDeviceFS, &Buf[0]);
 266:USB_Device/App/usbd_cdc_if.c ****   USBD_CDC_ReceivePacket(&hUsbDeviceFS);
 267:USB_Device/App/usbd_cdc_if.c ****   return (USBD_OK);
 268:USB_Device/App/usbd_cdc_if.c ****   /* USER CODE END 6 */
 269:USB_Device/App/usbd_cdc_if.c **** }
 270:USB_Device/App/usbd_cdc_if.c **** 
 271:USB_Device/App/usbd_cdc_if.c **** /**
 272:USB_Device/App/usbd_cdc_if.c ****   * @brief  CDC_Transmit_FS
 273:USB_Device/App/usbd_cdc_if.c ****   *         Data to send over USB IN endpoint are sent over CDC interface
 274:USB_Device/App/usbd_cdc_if.c ****   *         through this function.
 275:USB_Device/App/usbd_cdc_if.c ****   *         @note
ARM GAS  /tmp/ccL3COEP.s 			page 7


 276:USB_Device/App/usbd_cdc_if.c ****   *
 277:USB_Device/App/usbd_cdc_if.c ****   *
 278:USB_Device/App/usbd_cdc_if.c ****   * @param  Buf: Buffer of data to be sent
 279:USB_Device/App/usbd_cdc_if.c ****   * @param  Len: Number of data to be sent (in bytes)
 280:USB_Device/App/usbd_cdc_if.c ****   * @retval USBD_OK if all operations are OK else USBD_FAIL or USBD_BUSY
 281:USB_Device/App/usbd_cdc_if.c ****   */
 282:USB_Device/App/usbd_cdc_if.c **** uint8_t CDC_Transmit_FS(uint8_t* Buf, uint16_t Len)
 283:USB_Device/App/usbd_cdc_if.c **** {
 284:USB_Device/App/usbd_cdc_if.c ****   uint8_t result = USBD_OK;
 285:USB_Device/App/usbd_cdc_if.c ****   /* USER CODE BEGIN 7 */
 286:USB_Device/App/usbd_cdc_if.c ****   USBD_CDC_HandleTypeDef *hcdc = (USBD_CDC_HandleTypeDef*)hUsbDeviceFS.pClassData;
 287:USB_Device/App/usbd_cdc_if.c ****   if (hcdc->TxState != 0){
 288:USB_Device/App/usbd_cdc_if.c ****     return USBD_BUSY;
 289:USB_Device/App/usbd_cdc_if.c ****   }
 290:USB_Device/App/usbd_cdc_if.c ****   USBD_CDC_SetTxBuffer(&hUsbDeviceFS, Buf, Len);
 291:USB_Device/App/usbd_cdc_if.c ****   result = USBD_CDC_TransmitPacket(&hUsbDeviceFS);
 292:USB_Device/App/usbd_cdc_if.c ****   /* USER CODE END 7 */
 293:USB_Device/App/usbd_cdc_if.c ****   return result;
 294:USB_Device/App/usbd_cdc_if.c **** }
 295:USB_Device/App/usbd_cdc_if.c **** 
 296:USB_Device/App/usbd_cdc_if.c **** /**
 297:USB_Device/App/usbd_cdc_if.c ****   * @brief  CDC_TransmitCplt_FS
 298:USB_Device/App/usbd_cdc_if.c ****   *         Data transmitted callback
 299:USB_Device/App/usbd_cdc_if.c ****   *
 300:USB_Device/App/usbd_cdc_if.c ****   *         @note
 301:USB_Device/App/usbd_cdc_if.c ****   *         This function is IN transfer complete callback used to inform user that
 302:USB_Device/App/usbd_cdc_if.c ****   *         the submitted Data is successfully sent over USB.
 303:USB_Device/App/usbd_cdc_if.c ****   *
 304:USB_Device/App/usbd_cdc_if.c ****   * @param  Buf: Buffer of data to be received
 305:USB_Device/App/usbd_cdc_if.c ****   * @param  Len: Number of data received (in bytes)
 306:USB_Device/App/usbd_cdc_if.c ****   * @retval Result of the operation: USBD_OK if all operations are OK else USBD_FAIL
 307:USB_Device/App/usbd_cdc_if.c ****   */
 308:USB_Device/App/usbd_cdc_if.c **** static int8_t CDC_TransmitCplt_FS(uint8_t *Buf, uint32_t *Len, uint8_t epnum)
 309:USB_Device/App/usbd_cdc_if.c **** {
  73              		.loc 1 309 1 is_stmt 1 view -0
  74              		.cfi_startproc
  75              		@ args = 0, pretend = 0, frame = 0
  76              		@ frame_needed = 0, uses_anonymous_args = 0
  77              		@ link register save eliminated.
 310:USB_Device/App/usbd_cdc_if.c ****   uint8_t result = USBD_OK;
  78              		.loc 1 310 3 view .LVU9
 311:USB_Device/App/usbd_cdc_if.c ****   /* USER CODE BEGIN 13 */
 312:USB_Device/App/usbd_cdc_if.c ****   UNUSED(Buf);
  79              		.loc 1 312 3 view .LVU10
 313:USB_Device/App/usbd_cdc_if.c ****   UNUSED(Len);
  80              		.loc 1 313 3 view .LVU11
 314:USB_Device/App/usbd_cdc_if.c ****   UNUSED(epnum);
  81              		.loc 1 314 3 view .LVU12
 315:USB_Device/App/usbd_cdc_if.c ****   /* USER CODE END 13 */
 316:USB_Device/App/usbd_cdc_if.c ****   return result;
  82              		.loc 1 316 3 view .LVU13
 317:USB_Device/App/usbd_cdc_if.c **** }
  83              		.loc 1 317 1 is_stmt 0 view .LVU14
  84 0000 0020     		movs	r0, #0
  85              	.LVL3:
  86              		.loc 1 317 1 view .LVU15
  87 0002 7047     		bx	lr
ARM GAS  /tmp/ccL3COEP.s 			page 8


  88              		.cfi_endproc
  89              	.LFE338:
  91              		.section	.text.CDC_Receive_FS,"ax",%progbits
  92              		.align	1
  93              		.syntax unified
  94              		.thumb
  95              		.thumb_func
  97              	CDC_Receive_FS:
  98              	.LVL4:
  99              	.LFB336:
 263:USB_Device/App/usbd_cdc_if.c ****   /* USER CODE BEGIN 6 */
 100              		.loc 1 263 1 is_stmt 1 view -0
 101              		.cfi_startproc
 102              		@ args = 0, pretend = 0, frame = 0
 103              		@ frame_needed = 0, uses_anonymous_args = 0
 263:USB_Device/App/usbd_cdc_if.c ****   /* USER CODE BEGIN 6 */
 104              		.loc 1 263 1 is_stmt 0 view .LVU17
 105 0000 10B5     		push	{r4, lr}
 106              	.LCFI0:
 107              		.cfi_def_cfa_offset 8
 108              		.cfi_offset 4, -8
 109              		.cfi_offset 14, -4
 110 0002 0146     		mov	r1, r0
 111              	.LVL5:
 265:USB_Device/App/usbd_cdc_if.c ****   USBD_CDC_ReceivePacket(&hUsbDeviceFS);
 112              		.loc 1 265 3 is_stmt 1 view .LVU18
 113 0004 044C     		ldr	r4, .L6
 114 0006 2046     		mov	r0, r4
 115              	.LVL6:
 265:USB_Device/App/usbd_cdc_if.c ****   USBD_CDC_ReceivePacket(&hUsbDeviceFS);
 116              		.loc 1 265 3 is_stmt 0 view .LVU19
 117 0008 FFF7FEFF 		bl	USBD_CDC_SetRxBuffer
 118              	.LVL7:
 266:USB_Device/App/usbd_cdc_if.c ****   return (USBD_OK);
 119              		.loc 1 266 3 is_stmt 1 view .LVU20
 120 000c 2046     		mov	r0, r4
 121 000e FFF7FEFF 		bl	USBD_CDC_ReceivePacket
 122              	.LVL8:
 267:USB_Device/App/usbd_cdc_if.c ****   /* USER CODE END 6 */
 123              		.loc 1 267 3 view .LVU21
 269:USB_Device/App/usbd_cdc_if.c **** 
 124              		.loc 1 269 1 is_stmt 0 view .LVU22
 125 0012 0020     		movs	r0, #0
 126 0014 10BD     		pop	{r4, pc}
 127              	.L7:
 128 0016 00BF     		.align	2
 129              	.L6:
 130 0018 00000000 		.word	hUsbDeviceFS
 131              		.cfi_endproc
 132              	.LFE336:
 134              		.section	.text.CDC_Init_FS,"ax",%progbits
 135              		.align	1
 136              		.syntax unified
 137              		.thumb
 138              		.thumb_func
 140              	CDC_Init_FS:
 141              	.LFB333:
ARM GAS  /tmp/ccL3COEP.s 			page 9


 154:USB_Device/App/usbd_cdc_if.c ****   /* USER CODE BEGIN 3 */
 142              		.loc 1 154 1 is_stmt 1 view -0
 143              		.cfi_startproc
 144              		@ args = 0, pretend = 0, frame = 0
 145              		@ frame_needed = 0, uses_anonymous_args = 0
 146 0000 10B5     		push	{r4, lr}
 147              	.LCFI1:
 148              		.cfi_def_cfa_offset 8
 149              		.cfi_offset 4, -8
 150              		.cfi_offset 14, -4
 157:USB_Device/App/usbd_cdc_if.c ****   USBD_CDC_SetRxBuffer(&hUsbDeviceFS, UserRxBufferFS);
 151              		.loc 1 157 3 view .LVU24
 152 0002 064C     		ldr	r4, .L10
 153 0004 0022     		movs	r2, #0
 154 0006 0649     		ldr	r1, .L10+4
 155 0008 2046     		mov	r0, r4
 156 000a FFF7FEFF 		bl	USBD_CDC_SetTxBuffer
 157              	.LVL9:
 158:USB_Device/App/usbd_cdc_if.c ****   return (USBD_OK);
 158              		.loc 1 158 3 view .LVU25
 159 000e 0549     		ldr	r1, .L10+8
 160 0010 2046     		mov	r0, r4
 161 0012 FFF7FEFF 		bl	USBD_CDC_SetRxBuffer
 162              	.LVL10:
 159:USB_Device/App/usbd_cdc_if.c ****   /* USER CODE END 3 */
 163              		.loc 1 159 3 view .LVU26
 161:USB_Device/App/usbd_cdc_if.c **** 
 164              		.loc 1 161 1 is_stmt 0 view .LVU27
 165 0016 0020     		movs	r0, #0
 166 0018 10BD     		pop	{r4, pc}
 167              	.L11:
 168 001a 00BF     		.align	2
 169              	.L10:
 170 001c 00000000 		.word	hUsbDeviceFS
 171 0020 00000000 		.word	.LANCHOR0
 172 0024 00000000 		.word	.LANCHOR1
 173              		.cfi_endproc
 174              	.LFE333:
 176              		.section	.text.CDC_Transmit_FS,"ax",%progbits
 177              		.align	1
 178              		.global	CDC_Transmit_FS
 179              		.syntax unified
 180              		.thumb
 181              		.thumb_func
 183              	CDC_Transmit_FS:
 184              	.LVL11:
 185              	.LFB337:
 283:USB_Device/App/usbd_cdc_if.c ****   uint8_t result = USBD_OK;
 186              		.loc 1 283 1 is_stmt 1 view -0
 187              		.cfi_startproc
 188              		@ args = 0, pretend = 0, frame = 0
 189              		@ frame_needed = 0, uses_anonymous_args = 0
 284:USB_Device/App/usbd_cdc_if.c ****   /* USER CODE BEGIN 7 */
 190              		.loc 1 284 3 view .LVU29
 286:USB_Device/App/usbd_cdc_if.c ****   if (hcdc->TxState != 0){
 191              		.loc 1 286 3 view .LVU30
 286:USB_Device/App/usbd_cdc_if.c ****   if (hcdc->TxState != 0){
ARM GAS  /tmp/ccL3COEP.s 			page 10


 192              		.loc 1 286 27 is_stmt 0 view .LVU31
 193 0000 094B     		ldr	r3, .L20
 194 0002 D3F8BC32 		ldr	r3, [r3, #700]
 195              	.LVL12:
 287:USB_Device/App/usbd_cdc_if.c ****     return USBD_BUSY;
 196              		.loc 1 287 3 is_stmt 1 view .LVU32
 287:USB_Device/App/usbd_cdc_if.c ****     return USBD_BUSY;
 197              		.loc 1 287 11 is_stmt 0 view .LVU33
 198 0006 D3F81432 		ldr	r3, [r3, #532]
 199              	.LVL13:
 287:USB_Device/App/usbd_cdc_if.c ****     return USBD_BUSY;
 200              		.loc 1 287 6 view .LVU34
 201 000a 0BB1     		cbz	r3, .L19
 288:USB_Device/App/usbd_cdc_if.c ****   }
 202              		.loc 1 288 12 view .LVU35
 203 000c 0120     		movs	r0, #1
 204              	.LVL14:
 294:USB_Device/App/usbd_cdc_if.c **** 
 205              		.loc 1 294 1 view .LVU36
 206 000e 7047     		bx	lr
 207              	.LVL15:
 208              	.L19:
 283:USB_Device/App/usbd_cdc_if.c ****   uint8_t result = USBD_OK;
 209              		.loc 1 283 1 view .LVU37
 210 0010 10B5     		push	{r4, lr}
 211              	.LCFI2:
 212              		.cfi_def_cfa_offset 8
 213              		.cfi_offset 4, -8
 214              		.cfi_offset 14, -4
 290:USB_Device/App/usbd_cdc_if.c ****   result = USBD_CDC_TransmitPacket(&hUsbDeviceFS);
 215              		.loc 1 290 3 is_stmt 1 view .LVU38
 216 0012 054C     		ldr	r4, .L20
 217              	.LVL16:
 290:USB_Device/App/usbd_cdc_if.c ****   result = USBD_CDC_TransmitPacket(&hUsbDeviceFS);
 218              		.loc 1 290 3 is_stmt 0 view .LVU39
 219 0014 0A46     		mov	r2, r1
 220 0016 0146     		mov	r1, r0
 221              	.LVL17:
 290:USB_Device/App/usbd_cdc_if.c ****   result = USBD_CDC_TransmitPacket(&hUsbDeviceFS);
 222              		.loc 1 290 3 view .LVU40
 223 0018 2046     		mov	r0, r4
 224              	.LVL18:
 290:USB_Device/App/usbd_cdc_if.c ****   result = USBD_CDC_TransmitPacket(&hUsbDeviceFS);
 225              		.loc 1 290 3 view .LVU41
 226 001a FFF7FEFF 		bl	USBD_CDC_SetTxBuffer
 227              	.LVL19:
 291:USB_Device/App/usbd_cdc_if.c ****   /* USER CODE END 7 */
 228              		.loc 1 291 3 is_stmt 1 view .LVU42
 291:USB_Device/App/usbd_cdc_if.c ****   /* USER CODE END 7 */
 229              		.loc 1 291 12 is_stmt 0 view .LVU43
 230 001e 2046     		mov	r0, r4
 231 0020 FFF7FEFF 		bl	USBD_CDC_TransmitPacket
 232              	.LVL20:
 293:USB_Device/App/usbd_cdc_if.c **** }
 233              		.loc 1 293 3 is_stmt 1 view .LVU44
 294:USB_Device/App/usbd_cdc_if.c **** 
 234              		.loc 1 294 1 is_stmt 0 view .LVU45
ARM GAS  /tmp/ccL3COEP.s 			page 11


 235 0024 10BD     		pop	{r4, pc}
 236              	.L21:
 237 0026 00BF     		.align	2
 238              	.L20:
 239 0028 00000000 		.word	hUsbDeviceFS
 240              		.cfi_endproc
 241              	.LFE337:
 243              		.global	USBD_Interface_fops_FS
 244              		.global	UserTxBufferFS
 245              		.global	UserRxBufferFS
 246              		.section	.bss.UserRxBufferFS,"aw",%nobits
 247              		.align	2
 248              		.set	.LANCHOR1,. + 0
 251              	UserRxBufferFS:
 252 0000 00000000 		.space	2048
 252      00000000 
 252      00000000 
 252      00000000 
 252      00000000 
 253              		.section	.bss.UserTxBufferFS,"aw",%nobits
 254              		.align	2
 255              		.set	.LANCHOR0,. + 0
 258              	UserTxBufferFS:
 259 0000 00000000 		.space	2048
 259      00000000 
 259      00000000 
 259      00000000 
 259      00000000 
 260              		.section	.data.USBD_Interface_fops_FS,"aw"
 261              		.align	2
 264              	USBD_Interface_fops_FS:
 265 0000 00000000 		.word	CDC_Init_FS
 266 0004 00000000 		.word	CDC_DeInit_FS
 267 0008 00000000 		.word	CDC_Control_FS
 268 000c 00000000 		.word	CDC_Receive_FS
 269 0010 00000000 		.word	CDC_TransmitCplt_FS
 270              		.text
 271              	.Letext0:
 272              		.file 2 "/usr/share/gcc-arm-none-eabi-10.3-2021.10/arm-none-eabi/include/machine/_default_types.h"
 273              		.file 3 "/usr/share/gcc-arm-none-eabi-10.3-2021.10/arm-none-eabi/include/sys/_stdint.h"
 274              		.file 4 "Middlewares/ST/STM32_USB_Device_Library/Core/Inc/usbd_def.h"
 275              		.file 5 "Middlewares/ST/STM32_USB_Device_Library/Class/CDC/Inc/usbd_cdc.h"
 276              		.file 6 "USB_Device/App/usbd_cdc_if.h"
ARM GAS  /tmp/ccL3COEP.s 			page 12


DEFINED SYMBOLS
                            *ABS*:0000000000000000 usbd_cdc_if.c
     /tmp/ccL3COEP.s:20     .text.CDC_DeInit_FS:0000000000000000 $t
     /tmp/ccL3COEP.s:25     .text.CDC_DeInit_FS:0000000000000000 CDC_DeInit_FS
     /tmp/ccL3COEP.s:41     .text.CDC_Control_FS:0000000000000000 $t
     /tmp/ccL3COEP.s:46     .text.CDC_Control_FS:0000000000000000 CDC_Control_FS
     /tmp/ccL3COEP.s:65     .text.CDC_TransmitCplt_FS:0000000000000000 $t
     /tmp/ccL3COEP.s:70     .text.CDC_TransmitCplt_FS:0000000000000000 CDC_TransmitCplt_FS
     /tmp/ccL3COEP.s:92     .text.CDC_Receive_FS:0000000000000000 $t
     /tmp/ccL3COEP.s:97     .text.CDC_Receive_FS:0000000000000000 CDC_Receive_FS
     /tmp/ccL3COEP.s:130    .text.CDC_Receive_FS:0000000000000018 $d
     /tmp/ccL3COEP.s:135    .text.CDC_Init_FS:0000000000000000 $t
     /tmp/ccL3COEP.s:140    .text.CDC_Init_FS:0000000000000000 CDC_Init_FS
     /tmp/ccL3COEP.s:170    .text.CDC_Init_FS:000000000000001c $d
     /tmp/ccL3COEP.s:177    .text.CDC_Transmit_FS:0000000000000000 $t
     /tmp/ccL3COEP.s:183    .text.CDC_Transmit_FS:0000000000000000 CDC_Transmit_FS
     /tmp/ccL3COEP.s:239    .text.CDC_Transmit_FS:0000000000000028 $d
     /tmp/ccL3COEP.s:264    .data.USBD_Interface_fops_FS:0000000000000000 USBD_Interface_fops_FS
     /tmp/ccL3COEP.s:258    .bss.UserTxBufferFS:0000000000000000 UserTxBufferFS
     /tmp/ccL3COEP.s:251    .bss.UserRxBufferFS:0000000000000000 UserRxBufferFS
     /tmp/ccL3COEP.s:247    .bss.UserRxBufferFS:0000000000000000 $d
     /tmp/ccL3COEP.s:254    .bss.UserTxBufferFS:0000000000000000 $d
     /tmp/ccL3COEP.s:261    .data.USBD_Interface_fops_FS:0000000000000000 $d

UNDEFINED SYMBOLS
USBD_CDC_SetRxBuffer
USBD_CDC_ReceivePacket
hUsbDeviceFS
USBD_CDC_SetTxBuffer
USBD_CDC_TransmitPacket
